<?xml version="1.0" encoding="UTF-8"?>
<!-- Generated by org.testng.reporters.JUnitReportReporter -->
<testsuite name="com.maoyan.cases.UpdateUserInfoTest" tests="2" time="0.000" ignored="0" failures="0" timestamp="16 Jul 2020 14:20:31 GMT" skipped="2" hostname="TeslaHua" errors="0">
  <testcase name="deleteUser" time="0.000" classname="com.maoyan.cases.UpdateUserInfoTest">
    <skipped/>
  </testcase> <!-- deleteUser -->
  <testcase name="updateUserInfo" time="0.000" classname="com.maoyan.cases.UpdateUserInfoTest">
    <skipped/>
  </testcase> <!-- updateUserInfo -->
</testsuite> <!-- com.maoyan.cases.UpdateUserInfoTest -->
