<?xml version="1.0" encoding="UTF-8"?>
<!-- Generated by org.testng.reporters.JUnitReportReporter -->
<testsuite name="com.maoyan.cases.GetUserInfoListTest" tests="1" time="0.000" ignored="0" failures="0" timestamp="16 Jul 2020 14:20:31 GMT" skipped="1" hostname="TeslaHua" errors="0">
  <testcase name="getUserListInfo" time="0.000" classname="com.maoyan.cases.GetUserInfoListTest">
    <skipped/>
  </testcase> <!-- getUserListInfo -->
</testsuite> <!-- com.maoyan.cases.GetUserInfoListTest -->
