<?xml version="1.0" encoding="UTF-8"?>
<testsuite xmlns:xsi="http://www.w3.org/2001/XMLSchema-instance" xsi:noNamespaceSchemaLocation="https://maven.apache.org/surefire/maven-surefire-plugin/xsd/surefire-test-report.xsd" name="TestSuite" time="44.818" tests="7" errors="0" skipped="5" failures="2">
  <properties>
    <property name="sun.desktop" value="windows"/>
    <property name="awt.toolkit" value="sun.awt.windows.WToolkit"/>
    <property name="file.encoding.pkg" value="sun.io"/>
    <property name="java.specification.version" value="1.8"/>
    <property name="sun.cpu.isalist" value="amd64"/>
    <property name="sun.jnu.encoding" value="GBK"/>
    <property name="java.class.path" value="D:\IntelliJ IDEA\IDEA_Projects\Java接口自动化测试-课程代码\AutoTest\Chapter12\target\test-classes;D:\IntelliJ IDEA\IDEA_Projects\Java接口自动化测试-课程代码\AutoTest\Chapter12\target\classes;D:\Maven 3.6.1\LocalRepository\org\apache\httpcomponents\httpclient\4.5.10\httpclient-4.5.10.jar;D:\Maven 3.6.1\LocalRepository\org\apache\httpcomponents\httpcore\4.4.12\httpcore-4.4.12.jar;D:\Maven 3.6.1\LocalRepository\commons-codec\commons-codec\1.13\commons-codec-1.13.jar;D:\Maven 3.6.1\LocalRepository\commons-logging\commons-logging\1.2\commons-logging-1.2.jar;D:\Maven 3.6.1\LocalRepository\org\json\json\20190722\json-20190722.jar;D:\Maven 3.6.1\LocalRepository\org\mybatis\mybatis\3.5.4\mybatis-3.5.4.jar;D:\Maven 3.6.1\LocalRepository\mysql\mysql-connector-java\8.0.19\mysql-connector-java-8.0.19.jar;D:\Maven 3.6.1\LocalRepository\org\projectlombok\lombok\1.18.10\lombok-1.18.10.jar;D:\Maven 3.6.1\LocalRepository\com\relevantcodes\extentreports\2.41.1\extentreports-2.41.1.jar;D:\Maven 3.6.1\LocalRepository\org\jsoup\jsoup\1.8.3\jsoup-1.8.3.jar;D:\Maven 3.6.1\LocalRepository\org\xerial\sqlite-jdbc\3.28.0\sqlite-jdbc-3.28.0.jar;D:\Maven 3.6.1\LocalRepository\org\freemarker\freemarker\2.3.29\freemarker-2.3.29.jar;D:\Maven 3.6.1\LocalRepository\org\mongodb\mongodb-driver\3.11.2\mongodb-driver-3.11.2.jar;D:\Maven 3.6.1\LocalRepository\org\mongodb\bson\3.11.2\bson-3.11.2.jar;D:\Maven 3.6.1\LocalRepository\org\mongodb\mongodb-driver-core\3.11.2\mongodb-driver-core-3.11.2.jar;D:\Maven 3.6.1\LocalRepository\com\aventstack\extentreports\3.0.6\extentreports-3.0.6.jar;D:\Maven 3.6.1\LocalRepository\org\apache\httpcomponents\httpmime\4.5.10\httpmime-4.5.10.jar;D:\Maven 3.6.1\LocalRepository\com\vimalselvam\testng-extentsreport\1.3.1\testng-extentsreport-1.3.1.jar;D:\Maven 3.6.1\LocalRepository\com\google\guava\guava\20.0\guava-20.0.jar;D:\Maven 3.6.1\LocalRepository\org\testng\testng\6.10\testng-6.10.jar;D:\Maven 3.6.1\LocalRepository\com\beust\jcommander\1.48\jcommander-1.48.jar;D:\Maven 3.6.1\LocalRepository\javax\annotation\javax.annotation-api\1.3.2\javax.annotation-api-1.3.2.jar;"/>
    <property name="java.vm.vendor" value="Oracle Corporation"/>
    <property name="sun.arch.data.model" value="64"/>
    <property name="user.variant" value=""/>
    <property name="java.vendor.url" value="http://java.oracle.com/"/>
    <property name="user.timezone" value="Asia/Shanghai"/>
    <property name="java.vm.specification.version" value="1.8"/>
    <property name="os.name" value="Windows 10"/>
    <property name="user.country" value="CN"/>
    <property name="sun.java.launcher" value="SUN_STANDARD"/>
    <property name="sun.boot.library.path" value="D:\JDK1.8\jdk\jre\bin"/>
    <property name="sun.java.command" value="C:\Users\wangz\AppData\Local\Temp\surefire62890969132661230\surefirebooter6897189419734989544.jar C:\Users\wangz\AppData\Local\Temp\surefire62890969132661230 2020-07-16T22-19-44_780-jvmRun1 surefire7871570887059897827tmp surefire_01844331784287451652tmp"/>
    <property name="surefire.test.class.path" value="D:\IntelliJ IDEA\IDEA_Projects\Java接口自动化测试-课程代码\AutoTest\Chapter12\target\test-classes;D:\IntelliJ IDEA\IDEA_Projects\Java接口自动化测试-课程代码\AutoTest\Chapter12\target\classes;D:\Maven 3.6.1\LocalRepository\org\apache\httpcomponents\httpclient\4.5.10\httpclient-4.5.10.jar;D:\Maven 3.6.1\LocalRepository\org\apache\httpcomponents\httpcore\4.4.12\httpcore-4.4.12.jar;D:\Maven 3.6.1\LocalRepository\commons-codec\commons-codec\1.13\commons-codec-1.13.jar;D:\Maven 3.6.1\LocalRepository\commons-logging\commons-logging\1.2\commons-logging-1.2.jar;D:\Maven 3.6.1\LocalRepository\org\json\json\20190722\json-20190722.jar;D:\Maven 3.6.1\LocalRepository\org\mybatis\mybatis\3.5.4\mybatis-3.5.4.jar;D:\Maven 3.6.1\LocalRepository\mysql\mysql-connector-java\8.0.19\mysql-connector-java-8.0.19.jar;D:\Maven 3.6.1\LocalRepository\org\projectlombok\lombok\1.18.10\lombok-1.18.10.jar;D:\Maven 3.6.1\LocalRepository\com\relevantcodes\extentreports\2.41.1\extentreports-2.41.1.jar;D:\Maven 3.6.1\LocalRepository\org\jsoup\jsoup\1.8.3\jsoup-1.8.3.jar;D:\Maven 3.6.1\LocalRepository\org\xerial\sqlite-jdbc\3.28.0\sqlite-jdbc-3.28.0.jar;D:\Maven 3.6.1\LocalRepository\org\freemarker\freemarker\2.3.29\freemarker-2.3.29.jar;D:\Maven 3.6.1\LocalRepository\org\mongodb\mongodb-driver\3.11.2\mongodb-driver-3.11.2.jar;D:\Maven 3.6.1\LocalRepository\org\mongodb\bson\3.11.2\bson-3.11.2.jar;D:\Maven 3.6.1\LocalRepository\org\mongodb\mongodb-driver-core\3.11.2\mongodb-driver-core-3.11.2.jar;D:\Maven 3.6.1\LocalRepository\com\aventstack\extentreports\3.0.6\extentreports-3.0.6.jar;D:\Maven 3.6.1\LocalRepository\org\apache\httpcomponents\httpmime\4.5.10\httpmime-4.5.10.jar;D:\Maven 3.6.1\LocalRepository\com\vimalselvam\testng-extentsreport\1.3.1\testng-extentsreport-1.3.1.jar;D:\Maven 3.6.1\LocalRepository\com\google\guava\guava\20.0\guava-20.0.jar;D:\Maven 3.6.1\LocalRepository\org\testng\testng\6.10\testng-6.10.jar;D:\Maven 3.6.1\LocalRepository\com\beust\jcommander\1.48\jcommander-1.48.jar;D:\Maven 3.6.1\LocalRepository\javax\annotation\javax.annotation-api\1.3.2\javax.annotation-api-1.3.2.jar;"/>
    <property name="sun.cpu.endian" value="little"/>
    <property name="user.home" value="C:\Users\wangz"/>
    <property name="user.language" value="zh"/>
    <property name="java.specification.vendor" value="Oracle Corporation"/>
    <property name="java.home" value="D:\JDK1.8\jdk\jre"/>
    <property name="basedir" value="D:\IntelliJ IDEA\IDEA_Projects\Java接口自动化测试-课程代码\AutoTest\Chapter12"/>
    <property name="file.separator" value="\"/>
    <property name="line.separator" value="&#10;"/>
    <property name="java.vm.specification.vendor" value="Oracle Corporation"/>
    <property name="java.specification.name" value="Java Platform API Specification"/>
    <property name="java.awt.graphicsenv" value="sun.awt.Win32GraphicsEnvironment"/>
    <property name="surefire.real.class.path" value="C:\Users\wangz\AppData\Local\Temp\surefire62890969132661230\surefirebooter6897189419734989544.jar"/>
    <property name="sun.boot.class.path" value="D:\JDK1.8\jdk\jre\lib\resources.jar;D:\JDK1.8\jdk\jre\lib\rt.jar;D:\JDK1.8\jdk\jre\lib\sunrsasign.jar;D:\JDK1.8\jdk\jre\lib\jsse.jar;D:\JDK1.8\jdk\jre\lib\jce.jar;D:\JDK1.8\jdk\jre\lib\charsets.jar;D:\JDK1.8\jdk\jre\lib\jfr.jar;D:\JDK1.8\jdk\jre\classes"/>
    <property name="user.script" value=""/>
    <property name="sun.management.compiler" value="HotSpot 64-Bit Tiered Compilers"/>
    <property name="java.runtime.version" value="1.8.0_144-b01"/>
    <property name="user.name" value="wangz"/>
    <property name="path.separator" value=";"/>
    <property name="os.version" value="10.0"/>
    <property name="java.endorsed.dirs" value="D:\JDK1.8\jdk\jre\lib\endorsed"/>
    <property name="java.runtime.name" value="Java(TM) SE Runtime Environment"/>
    <property name="file.encoding" value="GBK"/>
    <property name="java.vm.name" value="Java HotSpot(TM) 64-Bit Server VM"/>
    <property name="localRepository" value="D:\Maven 3.6.1\LocalRepository"/>
    <property name="java.vendor.url.bug" value="http://bugreport.sun.com/bugreport/"/>
    <property name="java.io.tmpdir" value="C:\Users\wangz\AppData\Local\Temp\"/>
    <property name="java.version" value="1.8.0_144"/>
    <property name="user.dir" value="D:\IntelliJ IDEA\IDEA_Projects\Java接口自动化测试-课程代码\AutoTest\Chapter12"/>
    <property name="os.arch" value="amd64"/>
    <property name="java.vm.specification.name" value="Java Virtual Machine Specification"/>
    <property name="java.awt.printerjob" value="sun.awt.windows.WPrinterJob"/>
    <property name="sun.os.patch.level" value=""/>
    <property name="java.library.path" value="D:\JDK1.8\jdk\jre\bin;C:\WINDOWS\Sun\Java\bin;C:\WINDOWS\system32;C:\WINDOWS;D:\Git\mingw64\bin;D:\Git\usr\bin;C:\Users\wangz\bin;C:\ProgramData\Oracle\Java\javapath;D:\Lua;C:\WINDOWS\system32;C:\WINDOWS;C:\WINDOWS\System32\Wbem;C:\WINDOWS\System32\WindowsPowerShell\v1.0;C:\Program Files (x86)\Windows Kits\8.1\Windows Performance Toolkit;C:\Program Files\Microsoft SQL Server\110\Tools\Binn;D:\OpenCv3.1\opencv\build\x64\vc12\bin;C:\WINDOWS\System32\OpenSSH;D:\Github\Git\cmd;C:\CTeX\UserData\miktex\bin;C:\CTeX\MiKTeX\miktex\bin;C:\CTeX\CTeX\ctex\bin;C:\CTeX\CTeX\cct\bin;C:\CTeX\CTeX\ty\bin;C:\CTeX\Ghostscript\gs9.05\bin;C:\CTeX\GSview\gsview;C:\CTeX\WinEdt;D:\Maven 3.6.1\apache-maven-3.6.1\bin;D:\JDK1.8\jdk\bin;D:\JDK1.8\jdk\jre\bin;D:\Tomcat 9.0\apache-tomcat-9.0.31\bin;D:\Tomcat 9.0\apache-tomcat-9.0.31\lib;D:\PyCharm\Python3.7.3\Scripts;D:\PyCharm\Python3.7.3;C:\Users\wangz\AppData\Local\Programs\Python\Launcher;C:\Users\wangz\AppData\Local\Microsoft\WindowsApps;D:\texlive\2018\bin\win32;D:\PyCharm\PyCharm Community Edition 2019.2.4\bin;D:\IntelliJ IDEA\IntelliJ IDEA Community Edition 2019.2.4\bin;."/>
    <property name="java.vm.info" value="mixed mode"/>
    <property name="java.vendor" value="Oracle Corporation"/>
    <property name="java.vm.version" value="25.144-b01"/>
    <property name="java.ext.dirs" value="D:\JDK1.8\jdk\jre\lib\ext;C:\WINDOWS\Sun\Java\lib\ext"/>
    <property name="sun.io.unicode.encoding" value="UnicodeLittle"/>
    <property name="java.class.version" value="52.0"/>
  </properties>
  <testcase name="loginTrue" classname="com.maoyan.cases.LoginTest" time="21.6">
    <failure message="&#10;### Error querying database.  Cause: com.mysql.cj.jdbc.exceptions.CommunicationsException: Communications link failure&#10;&#10;The last packet sent successfully to the server was 0 milliseconds ago. The driver has not received any packets from the server.&#10;### The error may exist in mapper/MySQLMapper.xml&#10;### The error may involve com.maoyan.model.loginCase&#10;### The error occurred while executing a query&#10;### Cause: com.mysql.cj.jdbc.exceptions.CommunicationsException: Communications link failure&#10;&#10;The last packet sent successfully to the server was 0 milliseconds ago. The driver has not received any packets from the server." type="org.apache.ibatis.exceptions.PersistenceException">org.apache.ibatis.exceptions.PersistenceException: 

### Error querying database.  Cause: com.mysql.cj.jdbc.exceptions.CommunicationsException: Communications link failure

The last packet sent successfully to the server was 0 milliseconds ago. The driver has not received any packets from the server.
### The error may exist in mapper/MySQLMapper.xml
### The error may involve com.maoyan.model.loginCase
### The error occurred while executing a query
### Cause: com.mysql.cj.jdbc.exceptions.CommunicationsException: Communications link failure

The last packet sent successfully to the server was 0 milliseconds ago. The driver has not received any packets from the server.
	at com.maoyan.cases.LoginTest.loginTrue(LoginTest.java:40)
Caused by: com.mysql.cj.jdbc.exceptions.CommunicationsException: 
Communications link failure

The last packet sent successfully to the server was 0 milliseconds ago. The driver has not received any packets from the server.
	at com.maoyan.cases.LoginTest.loginTrue(LoginTest.java:40)
Caused by: com.mysql.cj.exceptions.CJCommunicationsException: 
Communications link failure

The last packet sent successfully to the server was 0 milliseconds ago. The driver has not received any packets from the server.
	at com.maoyan.cases.LoginTest.loginTrue(LoginTest.java:40)
Caused by: java.net.ConnectException: Connection timed out: connect
	at com.maoyan.cases.LoginTest.loginTrue(LoginTest.java:40)
</failure>
    <system-out><![CDATA[[TestNGContentHandler] [WARN] It is strongly recommended to add "<!DOCTYPE suite SYSTEM "http://testng.org/testng-1.0.dtd" >" at the top of your file, otherwise TestNG may fail or not work as expected.
]]></system-out>
  </testcase>
  <testcase name="loginFalse" classname="com.maoyan.cases.LoginTest" time="21.106">
    <failure message="&#10;### Error querying database.  Cause: com.mysql.cj.jdbc.exceptions.CommunicationsException: Communications link failure&#10;&#10;The last packet sent successfully to the server was 0 milliseconds ago. The driver has not received any packets from the server.&#10;### The error may exist in mapper/MySQLMapper.xml&#10;### The error may involve com.maoyan.model.loginCase&#10;### The error occurred while executing a query&#10;### Cause: com.mysql.cj.jdbc.exceptions.CommunicationsException: Communications link failure&#10;&#10;The last packet sent successfully to the server was 0 milliseconds ago. The driver has not received any packets from the server." type="org.apache.ibatis.exceptions.PersistenceException">org.apache.ibatis.exceptions.PersistenceException: 

### Error querying database.  Cause: com.mysql.cj.jdbc.exceptions.CommunicationsException: Communications link failure

The last packet sent successfully to the server was 0 milliseconds ago. The driver has not received any packets from the server.
### The error may exist in mapper/MySQLMapper.xml
### The error may involve com.maoyan.model.loginCase
### The error occurred while executing a query
### Cause: com.mysql.cj.jdbc.exceptions.CommunicationsException: Communications link failure

The last packet sent successfully to the server was 0 milliseconds ago. The driver has not received any packets from the server.
	at com.maoyan.cases.LoginTest.loginFalse(LoginTest.java:54)
Caused by: com.mysql.cj.jdbc.exceptions.CommunicationsException: 
Communications link failure

The last packet sent successfully to the server was 0 milliseconds ago. The driver has not received any packets from the server.
	at com.maoyan.cases.LoginTest.loginFalse(LoginTest.java:54)
Caused by: com.mysql.cj.exceptions.CJCommunicationsException: 
Communications link failure

The last packet sent successfully to the server was 0 milliseconds ago. The driver has not received any packets from the server.
	at com.maoyan.cases.LoginTest.loginFalse(LoginTest.java:54)
Caused by: java.net.ConnectException: Connection timed out: connect
	at com.maoyan.cases.LoginTest.loginFalse(LoginTest.java:54)
</failure>
  </testcase>
  <testcase name="addUser" classname="com.maoyan.cases.AddUserTest" time="0">
    <skipped message="Method AddUserTest.addUser()[pri:0, instance:com.maoyan.cases.AddUserTest@5d624da6] depends on not successfully finished methods in group &quot;loginTrue&quot;"/>
  </testcase>
  <testcase name="getUserInfo" classname="com.maoyan.cases.GetUserInfoTest" time="0">
    <skipped message="Method GetUserInfoTest.getUserInfo()[pri:0, instance:com.maoyan.cases.GetUserInfoTest@60addb54] depends on not successfully finished methods in group &quot;loginTrue&quot;"/>
  </testcase>
  <testcase name="updateUserInfo" classname="com.maoyan.cases.UpdateUserInfoTest" time="0">
    <skipped message="Method UpdateUserInfoTest.updateUserInfo()[pri:0, instance:com.maoyan.cases.UpdateUserInfoTest@3f2a3a5] depends on not successfully finished methods in group &quot;loginTrue&quot;"/>
  </testcase>
  <testcase name="deleteUser" classname="com.maoyan.cases.UpdateUserInfoTest" time="0">
    <skipped message="Method UpdateUserInfoTest.deleteUser()[pri:0, instance:com.maoyan.cases.UpdateUserInfoTest@3f2a3a5] depends on not successfully finished methods in group &quot;loginTrue&quot;"/>
  </testcase>
  <testcase name="getUserListInfo" classname="com.maoyan.cases.GetUserInfoListTest" time="0">
    <skipped message="Method GetUserInfoListTest.getUserListInfo()[pri:0, instance:com.maoyan.cases.GetUserInfoListTest@4cb2c100] depends on not successfully finished methods in group &quot;loginTrue&quot;"/>
  </testcase>
</testsuite>